0 info it worked if it ends with ok
1 verbose cli [
1 verbose cli   '/usr/local/bin/node',
1 verbose cli   '/usr/local/bin/npm',
1 verbose cli   'install',
1 verbose cli   '--ignore-scripts',
1 verbose cli   '@types/loader-utils@ts3.6',
1 verbose cli   '@types/lodash@ts3.6',
1 verbose cli   '@types/lodash.debounce@ts3.6',
1 verbose cli   '@types/lodash.memoize@ts3.6',
1 verbose cli   '@types/lodash.merge@ts3.6',
1 verbose cli   '@types/lodash.template@ts3.6',
1 verbose cli   '@types/lodash.truncate@ts3.6',
1 verbose cli   '@types/lodash.uniq@ts3.6',
1 verbose cli   '@types/makeerror@ts3.6',
1 verbose cli   '@types/media-typer@ts3.6',
1 verbose cli   '@types/memory-fs@ts3.6',
1 verbose cli   '@types/memorystream@ts3.6',
1 verbose cli   '@types/merge-descriptors@ts3.6',
1 verbose cli   '@types/merge-stream@ts3.6',
1 verbose cli   '@types/merge2@ts3.6',
1 verbose cli   '@types/methods@ts3.6',
1 verbose cli   '@types/micromatch@ts3.6',
1 verbose cli   '@types/mime@ts3.6',
1 verbose cli   '@types/mime-db@ts3.6',
1 verbose cli   '@types/mime-types@ts3.6',
1 verbose cli   '@types/min-indent@ts3.6',
1 verbose cli   '@types/minimalistic-assert@ts3.6',
1 verbose cli   '@types/minimist@ts3.6',
1 verbose cli   '@types/minizlib@ts3.6',
1 verbose cli   '@types/move-concurrently@ts3.6',
1 verbose cli   '@types/ms@ts3.6',
1 verbose cli   '@types/multicast-dns@ts3.6',
1 verbose cli   '@types/mute-stream@ts3.6',
1 verbose cli   '@types/natural-compare@ts3.6',
1 verbose cli   '@types/negotiator@ts3.6',
1 verbose cli   '@types/neo-async@ts3.6',
1 verbose cli   '@types/next-tick@ts3.6',
1 verbose cli   '@types/nice-try@ts3.6',
1 verbose cli   '@types/node-fetch@ts3.6',
1 verbose cli   '@types/node-forge@ts3.6',
1 verbose cli   '@types/node-int64@ts3.6',
1 verbose cli   '@types/node-notifier@ts3.6',
1 verbose cli   '@types/normalize-package-data@ts3.6',
1 verbose cli   '@types/normalize-path@ts3.6',
1 verbose cli   '@types/num2fraction@ts3.6',
1 verbose cli   '@types/nwsapi@ts3.6',
1 verbose cli   '@types/object-assign@ts3.6',
1 verbose cli   '@types/object-inspect@ts3.6',
1 verbose cli   '@types/object-keys@ts3.6',
1 verbose cli   '@types/object.assign@ts3.6',
1 verbose cli   '@types/object.entries@ts3.6',
1 verbose cli   '@types/object.fromentries@ts3.6',
1 verbose cli   '@types/object.getownpropertydescriptors@ts3.6',
1 verbose cli   '@types/object.pick@ts3.6',
1 verbose cli   '@types/on-finished@ts3.6',
1 verbose cli   '@types/on-headers@ts3.6',
1 verbose cli   '@types/once@ts3.6',
1 verbose cli   '@types/optimize-css-assets-webpack-plugin@ts3.6',
1 verbose cli   '@types/os-tmpdir@ts3.6',
1 verbose cli   '@types/pako@ts3.6',
1 verbose cli   '@types/parallel-transform@ts3.6',
1 verbose cli   '@types/parse-json@ts3.6',
1 verbose cli   '@types/parseurl@ts3.6',
1 verbose cli   '@types/pascalcase@ts3.6',
1 verbose cli   '@types/path-browserify@ts3.6',
1 verbose cli   '@types/path-is-absolute@ts3.6',
1 verbose cli   '@types/path-is-inside@ts3.6',
1 verbose cli   '@types/path-parse@ts3.6',
1 verbose cli   '@types/pbkdf2@ts3.6',
1 verbose cli   '@types/picomatch@ts3.6',
1 verbose cli   '@types/pify@ts3.6',
1 verbose cli   '@types/postcss-color-gray@ts3.6',
1 verbose cli   '@types/postcss-flexbugs-fixes@ts3.6',
1 verbose cli   '@types/postcss-font-variant@ts3.6',
1 verbose cli   '@types/postcss-gap-properties@ts3.6',
1 verbose cli   '@types/postcss-modules-extract-imports@ts3.6',
1 verbose cli   '@types/postcss-modules-local-by-default@ts3.6',
1 verbose cli   '@types/postcss-modules-scope@ts3.6',
1 verbose cli   '@types/postcss-modules-values@ts3.6',
1 verbose cli   '@types/postcss-normalize@ts3.6',
1 verbose cli   '@types/postcss-page-break@ts3.6',
1 verbose cli   '@types/postcss-safe-parser@ts3.6',
1 verbose cli   '@types/prelude-ls@ts3.6',
1 verbose cli   '@types/prettier-linter-helpers@ts3.6',
1 verbose cli   '@types/progress@ts3.6',
1 verbose cli   '@types/promise-inflight@ts3.6',
1 verbose cli   '@types/prompts@ts3.6',
1 verbose cli   '@types/prop-types@ts3.6',
1 verbose cli   '@types/proxy-addr@ts3.6',
1 verbose cli   '@types/psl@ts3.6',
1 verbose cli   '@types/pump@ts3.6',
1 verbose cli   '@types/pumpify@ts3.6',
1 verbose cli   '@types/punycode@ts3.6',
1 verbose cli   '@types/q@ts3.6',
1 verbose cli   '@types/qs@ts3.6',
1 verbose cli   '@types/querystringify@ts3.6',
1 verbose cli   '@types/raf@ts3.6',
1 verbose cli   '@types/randombytes@ts3.6',
1 verbose cli   '@types/range-parser@ts3.6',
1 verbose cli   '@types/react-dev-utils@ts3.6',
1 verbose cli   '@types/react-is@ts3.6',
1 verbose cli   ... 121 more items
1 verbose cli ]
2 info using npm@6.14.6
3 info using node@v12.18.3
4 verbose npm-session 36e6e3c716a1cee7
5 silly install loadCurrentTree
6 silly install readLocalPackageData
7 http fetch GET 200 https://registry.npmjs.org/@types%2flodash.merge 478ms
8 http fetch GET 200 https://registry.npmjs.org/@types%2flodash.debounce 485ms
9 http fetch GET 200 https://registry.npmjs.org/@types%2fmedia-typer 459ms
10 http fetch GET 200 https://registry.npmjs.org/@types%2fmakeerror 461ms
11 silly fetchPackageMetaData error for @types/makeerror@ts3.6 No matching version found for @types/makeerror@ts3.6.
12 http fetch GET 200 https://registry.npmjs.org/@types%2flodash.truncate 485ms
13 http fetch GET 200 https://registry.npmjs.org/@types%2floader-utils 507ms
14 http fetch GET 200 https://registry.npmjs.org/@types%2flodash.uniq 482ms
15 http fetch GET 200 https://registry.npmjs.org/@types%2flodash.memoize 548ms
16 http fetch GET 200 https://registry.npmjs.org/@types%2flodash.template 550ms
17 http fetch GET 200 https://registry.npmjs.org/@types%2flodash 804ms
18 http fetch GET 200 https://registry.npmjs.org/@types%2fmemory-fs 308ms
19 http fetch GET 200 https://registry.npmjs.org/@types/lodash.uniq/-/lodash.uniq-4.5.6.tgz 485ms
20 silly pacote tag manifest for @types/lodash.uniq@ts3.6 fetched in 1042ms
21 http fetch GET 200 https://registry.npmjs.org/@types/loader-utils/-/loader-utils-2.0.1.tgz 562ms
22 http fetch GET 200 https://registry.npmjs.org/@types/lodash/-/lodash-4.14.172.tgz 291ms
23 http fetch GET 200 https://registry.npmjs.org/@types%2fmemorystream 253ms
24 http fetch GET 200 https://registry.npmjs.org/@types/memory-fs/-/memory-fs-0.3.2.tgz 499ms
25 silly pacote tag manifest for @types/loader-utils@ts3.6 fetched in 1341ms
26 silly pacote tag manifest for @types/lodash@ts3.6 fetched in 1333ms
27 silly pacote tag manifest for @types/memory-fs@ts3.6 fetched in 829ms
28 http fetch GET 200 https://registry.npmjs.org/@types%2fmerge-stream 92ms
29 http fetch GET 200 https://registry.npmjs.org/@types%2fmerge-descriptors 100ms
30 http fetch GET 200 https://registry.npmjs.org/@types/memorystream/-/memorystream-0.3.0.tgz 142ms
31 http fetch GET 200 https://registry.npmjs.org/@types%2fmerge2 129ms
32 silly pacote tag manifest for @types/memorystream@ts3.6 fetched in 413ms
33 http fetch GET 200 https://registry.npmjs.org/@types/merge-descriptors/-/merge-descriptors-1.0.1.tgz 94ms
34 http fetch GET 200 https://registry.npmjs.org/@types%2fmethods 66ms
35 http fetch GET 200 https://registry.npmjs.org/@types/merge2/-/merge2-1.3.1.tgz 80ms
36 silly pacote tag manifest for @types/merge-descriptors@ts3.6 fetched in 224ms
37 silly pacote tag manifest for @types/merge2@ts3.6 fetched in 235ms
38 http fetch GET 200 https://registry.npmjs.org/@types/lodash.template/-/lodash.template-4.5.0.tgz 1010ms
39 silly pacote tag manifest for @types/lodash.template@ts3.6 fetched in 1575ms
40 http fetch GET 200 https://registry.npmjs.org/@types%2fmicromatch 55ms
41 http fetch GET 200 https://registry.npmjs.org/@types/methods/-/methods-1.1.1.tgz 87ms
42 http fetch GET 200 https://registry.npmjs.org/@types%2fmime 62ms
43 silly pacote tag manifest for @types/methods@ts3.6 fetched in 170ms
44 http fetch GET 200 https://registry.npmjs.org/@types%2fmime-db 63ms
45 http fetch GET 200 https://registry.npmjs.org/@types/lodash.debounce/-/lodash.debounce-4.0.6.tgz 1159ms
46 http fetch GET 200 https://registry.npmjs.org/@types/lodash.truncate/-/lodash.truncate-4.4.6.tgz 1139ms
47 http fetch GET 200 https://registry.npmjs.org/@types/lodash.merge/-/lodash.merge-4.6.6.tgz 1159ms
48 silly pacote tag manifest for @types/lodash.debounce@ts3.6 fetched in 1692ms
49 silly pacote tag manifest for @types/lodash.truncate@ts3.6 fetched in 1688ms
50 silly pacote tag manifest for @types/lodash.merge@ts3.6 fetched in 1705ms
51 http fetch GET 200 https://registry.npmjs.org/@types%2fmime-types 68ms
52 http fetch GET 200 https://registry.npmjs.org/@types/mime-db/-/mime-db-1.43.1.tgz 79ms
53 silly pacote tag manifest for @types/mime-db@ts3.6 fetched in 157ms
54 http fetch GET 200 https://registry.npmjs.org/@types%2fmin-indent 61ms
55 http fetch GET 200 https://registry.npmjs.org/@types/media-typer/-/media-typer-1.1.1.tgz 1261ms
56 silly pacote tag manifest for @types/media-typer@ts3.6 fetched in 1785ms
57 http fetch GET 200 https://registry.npmjs.org/@types%2fminimalistic-assert 109ms
58 http fetch GET 200 https://registry.npmjs.org/@types%2fminimist 105ms
59 http fetch GET 200 https://registry.npmjs.org/@types%2fminizlib 94ms
60 http fetch GET 200 https://registry.npmjs.org/@types/min-indent/-/min-indent-1.0.0.tgz 101ms
61 silly pacote tag manifest for @types/min-indent@ts3.6 fetched in 185ms
62 http fetch GET 200 https://registry.npmjs.org/@types%2fmove-concurrently 75ms
63 http fetch GET 200 https://registry.npmjs.org/@types/minimist/-/minimist-1.2.2.tgz 91ms
64 http fetch GET 200 https://registry.npmjs.org/@types/lodash.memoize/-/lodash.memoize-4.1.6.tgz 1192ms
65 silly pacote tag manifest for @types/minimist@ts3.6 fetched in 216ms
66 silly pacote tag manifest for @types/lodash.memoize@ts3.6 fetched in 1931ms
67 http fetch GET 200 https://registry.npmjs.org/@types/minimalistic-assert/-/minimalistic-assert-1.0.0.tgz 124ms
68 http fetch GET 200 https://registry.npmjs.org/@types%2fms 78ms
69 silly pacote tag manifest for @types/minimalistic-assert@ts3.6 fetched in 326ms
70 http fetch GET 200 https://registry.npmjs.org/@types/move-concurrently/-/move-concurrently-1.0.4.tgz 160ms
71 http fetch GET 200 https://registry.npmjs.org/@types%2fmute-stream 119ms
72 http fetch GET 200 https://registry.npmjs.org/@types%2fmulticast-dns 130ms
73 http fetch GET 200 https://registry.npmjs.org/@types/ms/-/ms-0.7.31.tgz 117ms
74 silly pacote tag manifest for @types/move-concurrently@ts3.6 fetched in 266ms
75 silly pacote tag manifest for @types/ms@ts3.6 fetched in 217ms
76 http fetch GET 200 https://registry.npmjs.org/@types%2fnatural-compare 76ms
77 http fetch GET 200 https://registry.npmjs.org/@types/mute-stream/-/mute-stream-0.0.1.tgz 87ms
78 silly pacote tag manifest for @types/mute-stream@ts3.6 fetched in 223ms
79 http fetch GET 200 https://registry.npmjs.org/@types%2fneo-async 69ms
80 silly fetchPackageMetaData error for @types/neo-async@ts3.6 No matching version found for @types/neo-async@ts3.6.
81 http fetch GET 200 https://registry.npmjs.org/@types/multicast-dns/-/multicast-dns-7.2.1.tgz 121ms
82 silly pacote tag manifest for @types/multicast-dns@ts3.6 fetched in 263ms
83 http fetch GET 200 https://registry.npmjs.org/@types%2fnext-tick 51ms
84 http fetch GET 200 https://registry.npmjs.org/@types%2fnegotiator 148ms
85 http fetch GET 200 https://registry.npmjs.org/@types/natural-compare/-/natural-compare-1.4.1.tgz 134ms
86 http fetch GET 200 https://registry.npmjs.org/@types%2fnice-try 83ms
87 silly pacote tag manifest for @types/natural-compare@ts3.6 fetched in 237ms
88 http fetch GET 200 https://registry.npmjs.org/@types%2fnode-fetch 90ms
89 http fetch GET 200 https://registry.npmjs.org/@types/next-tick/-/next-tick-1.0.0.tgz 92ms
90 silly pacote tag manifest for @types/next-tick@ts3.6 fetched in 157ms
91 http fetch GET 200 https://registry.npmjs.org/@types/negotiator/-/negotiator-0.6.1.tgz 93ms
92 silly pacote tag manifest for @types/negotiator@ts3.6 fetched in 287ms
93 http fetch GET 200 https://registry.npmjs.org/@types/merge-stream/-/merge-stream-1.1.2.tgz 988ms
94 http fetch GET 200 https://registry.npmjs.org/@types%2fnode-notifier 58ms
95 silly pacote tag manifest for @types/merge-stream@ts3.6 fetched in 1104ms
96 http fetch GET 200 https://registry.npmjs.org/@types%2fnode-int64 341ms
97 http fetch GET 200 https://registry.npmjs.org/@types/node-fetch/-/node-fetch-2.5.12.tgz 384ms
98 http fetch GET 200 https://registry.npmjs.org/@types/node-notifier/-/node-notifier-8.0.1.tgz 270ms
99 http fetch GET 200 https://registry.npmjs.org/@types/micromatch/-/micromatch-4.0.2.tgz 1094ms
100 http fetch GET 200 https://registry.npmjs.org/@types/mime/-/mime-2.0.3.tgz 1065ms
101 http fetch GET 200 https://registry.npmjs.org/@types%2fnode-forge 434ms
102 silly pacote tag manifest for @types/node-fetch@ts3.6 fetched in 544ms
103 http fetch GET 200 https://registry.npmjs.org/@types/mime-types/-/mime-types-2.1.1.tgz 1021ms
104 silly pacote tag manifest for @types/node-notifier@ts3.6 fetched in 380ms
105 silly pacote tag manifest for @types/micromatch@ts3.6 fetched in 1206ms
106 silly pacote tag manifest for @types/mime@ts3.6 fetched in 1187ms
107 silly pacote tag manifest for @types/mime-types@ts3.6 fetched in 1144ms
108 http fetch GET 200 https://registry.npmjs.org/@types/node-int64/-/node-int64-0.4.29.tgz 137ms
109 http fetch GET 200 https://registry.npmjs.org/@types%2fnormalize-path 74ms
110 silly pacote tag manifest for @types/node-int64@ts3.6 fetched in 500ms
111 http fetch GET 200 https://registry.npmjs.org/@types%2fnormalize-package-data 410ms
112 http fetch GET 200 https://registry.npmjs.org/@types%2fnum2fraction 113ms
113 http fetch GET 200 https://registry.npmjs.org/@types%2fnwsapi 101ms
114 http fetch GET 200 https://registry.npmjs.org/@types%2fobject-inspect 76ms
115 http fetch GET 200 https://registry.npmjs.org/@types%2fobject-keys 70ms
116 http fetch GET 200 https://registry.npmjs.org/@types/minizlib/-/minizlib-2.1.2.tgz 1042ms
117 silly pacote tag manifest for @types/minizlib@ts3.6 fetched in 1182ms
118 http fetch GET 200 https://registry.npmjs.org/@types/normalize-path/-/normalize-path-3.0.0.tgz 128ms
119 silly pacote tag manifest for @types/normalize-path@ts3.6 fetched in 215ms
120 http fetch GET 200 https://registry.npmjs.org/@types%2fobject-assign 305ms
121 http fetch GET 200 https://registry.npmjs.org/@types/num2fraction/-/num2fraction-1.2.0.tgz 207ms
122 http fetch GET 200 https://registry.npmjs.org/@types%2fobject.assign 149ms
123 silly fetchPackageMetaData error for @types/object.assign@ts3.6 No matching version found for @types/object.assign@ts3.6.
124 silly pacote tag manifest for @types/num2fraction@ts3.6 fetched in 341ms
125 http fetch GET 200 https://registry.npmjs.org/@types%2fobject.entries 149ms
126 silly fetchPackageMetaData error for @types/object.entries@ts3.6 No matching version found for @types/object.entries@ts3.6.
127 http fetch GET 200 https://registry.npmjs.org/@types%2fobject.fromentries 84ms
128 http fetch GET 200 https://registry.npmjs.org/@types/object-assign/-/object-assign-4.0.30.tgz 98ms
129 http fetch GET 200 https://registry.npmjs.org/@types%2fobject.getownpropertydescriptors 82ms
130 http fetch GET 200 https://registry.npmjs.org/@types%2fobject.pick 70ms
131 silly pacote tag manifest for @types/object-assign@ts3.6 fetched in 428ms
132 http fetch GET 200 https://registry.npmjs.org/@types/object.fromentries/-/object.fromentries-2.0.1.tgz 85ms
133 http fetch GET 200 https://registry.npmjs.org/@types/nice-try/-/nice-try-2.1.0.tgz 1016ms
134 silly pacote tag manifest for @types/object.fromentries@ts3.6 fetched in 197ms
135 http fetch GET 200 https://registry.npmjs.org/@types%2fon-finished 99ms
136 silly pacote tag manifest for @types/nice-try@ts3.6 fetched in 1132ms
137 http fetch GET 200 https://registry.npmjs.org/@types/object.getownpropertydescriptors/-/object.getownpropertydescriptors-2.1.1.tgz 143ms
138 silly pacote tag manifest for @types/object.getownpropertydescriptors@ts3.6 fetched in 238ms
139 http fetch GET 200 https://registry.npmjs.org/@types%2fon-headers 66ms
140 http fetch GET 200 https://registry.npmjs.org/@types%2fonce 105ms
141 http fetch GET 200 https://registry.npmjs.org/@types%2foptimize-css-assets-webpack-plugin 91ms
142 http fetch GET 200 https://registry.npmjs.org/@types/on-headers/-/on-headers-1.0.0.tgz 102ms
143 silly pacote tag manifest for @types/on-headers@ts3.6 fetched in 183ms
144 http fetch GET 200 https://registry.npmjs.org/@types%2fos-tmpdir 53ms
145 http fetch GET 200 https://registry.npmjs.org/@types/optimize-css-assets-webpack-plugin/-/optimize-css-assets-webpack-plugin-5.0.2.tgz 88ms
146 silly pacote tag manifest for @types/optimize-css-assets-webpack-plugin@ts3.6 fetched in 202ms
147 http fetch GET 200 https://registry.npmjs.org/@types/once/-/once-1.4.0.tgz 131ms
148 silly pacote tag manifest for @types/once@ts3.6 fetched in 246ms
149 http fetch GET 200 https://registry.npmjs.org/@types%2fpako 50ms
150 http fetch GET 200 https://registry.npmjs.org/@types/os-tmpdir/-/os-tmpdir-1.0.0.tgz 85ms
151 http fetch GET 200 https://registry.npmjs.org/@types%2fparallel-transform 59ms
152 silly pacote tag manifest for @types/os-tmpdir@ts3.6 fetched in 153ms
153 http fetch GET 200 https://registry.npmjs.org/@types/pako/-/pako-1.0.2.tgz 78ms
154 silly pacote tag manifest for @types/pako@ts3.6 fetched in 147ms
155 http fetch GET 200 https://registry.npmjs.org/@types/node-forge/-/node-forge-0.10.3.tgz 977ms
156 silly pacote tag manifest for @types/node-forge@ts3.6 fetched in 1425ms
157 http fetch GET 200 https://registry.npmjs.org/@types/parallel-transform/-/parallel-transform-1.1.1.tgz 127ms
158 http fetch GET 200 https://registry.npmjs.org/@types%2fparseurl 69ms
159 silly pacote tag manifest for @types/parallel-transform@ts3.6 fetched in 209ms
160 http fetch GET 200 https://registry.npmjs.org/@types%2fparse-json 175ms
161 http fetch GET 200 https://registry.npmjs.org/@types%2fpascalcase 101ms
162 http fetch GET 200 https://registry.npmjs.org/@types%2fpath-browserify 54ms
163 silly fetchPackageMetaData error for @types/path-browserify@ts3.6 No matching version found for @types/path-browserify@ts3.6.
164 http fetch GET 200 https://registry.npmjs.org/@types/parseurl/-/parseurl-1.3.1.tgz 92ms
165 silly pacote tag manifest for @types/parseurl@ts3.6 fetched in 182ms
166 http fetch GET 200 https://registry.npmjs.org/@types/object-keys/-/object-keys-1.0.1.tgz 1004ms
167 http fetch GET 200 https://registry.npmjs.org/@types%2fpath-is-absolute 82ms
168 http fetch GET 200 https://registry.npmjs.org/@types/pascalcase/-/pascalcase-1.0.0.tgz 104ms
169 silly pacote tag manifest for @types/object-keys@ts3.6 fetched in 1094ms
170 silly pacote tag manifest for @types/pascalcase@ts3.6 fetched in 224ms
171 http fetch GET 200 https://registry.npmjs.org/@types%2fpath-is-inside 82ms
172 http fetch GET 200 https://registry.npmjs.org/@types%2fpath-parse 81ms
173 http fetch GET 200 https://registry.npmjs.org/@types%2fpbkdf2 67ms
174 http fetch GET 304 https://registry.npmjs.org/@types/parse-json/-/parse-json-4.0.0.tgz 216ms (from cache)
175 silly pacote tag manifest for @types/parse-json@ts3.6 fetched in 401ms
176 http fetch GET 200 https://registry.npmjs.org/@types/object-inspect/-/object-inspect-1.8.1.tgz 1001ms
177 http fetch GET 200 https://registry.npmjs.org/@types/path-is-inside/-/path-is-inside-1.0.0.tgz 102ms
178 http fetch GET 200 https://registry.npmjs.org/@types/normalize-package-data/-/normalize-package-data-2.4.1.tgz 1212ms
179 silly pacote tag manifest for @types/object-inspect@ts3.6 fetched in 1285ms
180 silly pacote tag manifest for @types/path-is-inside@ts3.6 fetched in 209ms
181 silly pacote tag manifest for @types/normalize-package-data@ts3.6 fetched in 1660ms
182 http fetch GET 200 https://registry.npmjs.org/@types%2fpicomatch 81ms
183 http fetch GET 200 https://registry.npmjs.org/@types%2fpify 86ms
184 http fetch GET 200 https://registry.npmjs.org/@types%2fpostcss-color-gray 84ms
185 silly fetchPackageMetaData error for @types/postcss-color-gray@ts3.6 No matching version found for @types/postcss-color-gray@ts3.6.
186 http fetch GET 200 https://registry.npmjs.org/@types%2fpostcss-flexbugs-fixes 83ms
187 http fetch GET 200 https://registry.npmjs.org/@types/object.pick/-/object.pick-1.3.1.tgz 1007ms
188 http fetch GET 200 https://registry.npmjs.org/@types/picomatch/-/picomatch-2.2.6.tgz 99ms
189 silly pacote tag manifest for @types/object.pick@ts3.6 fetched in 1099ms
190 silly pacote tag manifest for @types/picomatch@ts3.6 fetched in 196ms
191 http fetch GET 200 https://registry.npmjs.org/@types%2fpostcss-font-variant 58ms
192 silly fetchPackageMetaData error for @types/postcss-font-variant@ts3.6 No matching version found for @types/postcss-font-variant@ts3.6.
193 http fetch GET 200 https://registry.npmjs.org/@types%2fpostcss-gap-properties 52ms
194 http fetch GET 200 https://registry.npmjs.org/@types/postcss-flexbugs-fixes/-/postcss-flexbugs-fixes-4.2.1.tgz 110ms
195 silly pacote tag manifest for @types/postcss-flexbugs-fixes@ts3.6 fetched in 210ms
196 http fetch GET 200 https://registry.npmjs.org/@types/on-finished/-/on-finished-2.3.1.tgz 1012ms
197 silly pacote tag manifest for @types/on-finished@ts3.6 fetched in 1118ms
198 http fetch GET 200 https://registry.npmjs.org/@types%2fpostcss-modules-scope 59ms
199 http fetch GET 200 https://registry.npmjs.org/@types%2fpostcss-modules-values 54ms
200 http fetch GET 200 https://registry.npmjs.org/@types%2fpostcss-modules-extract-imports 296ms
201 http fetch GET 200 https://registry.npmjs.org/@types%2fpostcss-modules-local-by-default 296ms
202 http fetch GET 200 https://registry.npmjs.org/@types/postcss-modules-extract-imports/-/postcss-modules-extract-imports-3.0.2.tgz 94ms
203 silly pacote tag manifest for @types/postcss-modules-extract-imports@ts3.6 fetched in 410ms
204 http fetch GET 200 https://registry.npmjs.org/@types/postcss-modules-local-by-default/-/postcss-modules-local-by-default-1.2.2.tgz 107ms
205 silly pacote tag manifest for @types/postcss-modules-local-by-default@ts3.6 fetched in 427ms
206 http fetch GET 200 https://registry.npmjs.org/@types%2fpostcss-normalize 67ms
207 http fetch GET 200 https://registry.npmjs.org/@types%2fpostcss-page-break 58ms
208 silly fetchPackageMetaData error for @types/postcss-page-break@ts3.6 No matching version found for @types/postcss-page-break@ts3.6.
209 http fetch GET 200 https://registry.npmjs.org/@types/postcss-normalize/-/postcss-normalize-9.0.1.tgz 72ms
210 silly pacote tag manifest for @types/postcss-normalize@ts3.6 fetched in 157ms
211 http fetch GET 200 https://registry.npmjs.org/@types%2fpostcss-safe-parser 60ms
212 http fetch GET 200 https://registry.npmjs.org/@types/nwsapi/-/nwsapi-2.2.2.tgz 1944ms
213 silly pacote tag manifest for @types/nwsapi@ts3.6 fetched in 2057ms
214 http fetch GET 200 https://registry.npmjs.org/@types%2fprelude-ls 55ms
215 http fetch GET 200 https://registry.npmjs.org/@types/postcss-safe-parser/-/postcss-safe-parser-5.0.0.tgz 77ms
216 silly pacote tag manifest for @types/postcss-safe-parser@ts3.6 fetched in 143ms
217 http fetch GET 200 https://registry.npmjs.org/@types%2fprogress 47ms
218 http fetch GET 200 https://registry.npmjs.org/@types/pbkdf2/-/pbkdf2-3.1.0.tgz 1010ms
219 silly pacote tag manifest for @types/pbkdf2@ts3.6 fetched in 1084ms
220 http fetch GET 200 https://registry.npmjs.org/@types/path-is-absolute/-/path-is-absolute-1.0.0.tgz 1142ms
221 silly pacote tag manifest for @types/path-is-absolute@ts3.6 fetched in 1235ms
222 http fetch GET 200 https://registry.npmjs.org/@types%2fpromise-inflight 53ms
223 http fetch GET 200 https://registry.npmjs.org/@types%2fprettier-linter-helpers 278ms
224 http fetch GET 200 https://registry.npmjs.org/@types/path-parse/-/path-parse-1.0.19.tgz 1154ms
225 silly pacote tag manifest for @types/path-parse@ts3.6 fetched in 1245ms
226 http fetch GET 200 https://registry.npmjs.org/@types/prettier-linter-helpers/-/prettier-linter-helpers-1.0.1.tgz 83ms
227 silly pacote tag manifest for @types/prettier-linter-helpers@ts3.6 fetched in 376ms
228 http fetch GET 200 https://registry.npmjs.org/@types%2fprompts 182ms
229 http fetch GET 200 https://registry.npmjs.org/@types%2fproxy-addr 52ms
230 http fetch GET 200 https://registry.npmjs.org/@types/postcss-gap-properties/-/postcss-gap-properties-2.0.1.tgz 1019ms
231 silly pacote tag manifest for @types/postcss-gap-properties@ts3.6 fetched in 1079ms
232 http fetch GET 200 https://registry.npmjs.org/@types%2fprop-types 145ms
233 http fetch GET 200 https://registry.npmjs.org/@types/prompts/-/prompts-2.0.14.tgz 76ms
234 silly pacote tag manifest for @types/prompts@ts3.6 fetched in 268ms
235 http fetch GET 200 https://registry.npmjs.org/@types%2fpsl 52ms
236 http fetch GET 200 https://registry.npmjs.org/@types%2fpump 64ms
237 http fetch GET 200 https://registry.npmjs.org/@types/postcss-modules-values/-/postcss-modules-values-3.0.0.tgz 1017ms
238 http fetch GET 200 https://registry.npmjs.org/@types/prop-types/-/prop-types-15.7.4.tgz 86ms
239 http fetch GET 200 https://registry.npmjs.org/@types/pify/-/pify-5.0.1.tgz 1227ms
240 silly pacote tag manifest for @types/postcss-modules-values@ts3.6 fetched in 1087ms
241 silly pacote tag manifest for @types/prop-types@ts3.6 fetched in 247ms
242 silly pacote tag manifest for @types/pify@ts3.6 fetched in 1333ms
243 http fetch GET 200 https://registry.npmjs.org/@types%2fpunycode 62ms
244 http fetch GET 200 https://registry.npmjs.org/@types%2fpumpify 68ms
245 http fetch GET 200 https://registry.npmjs.org/@types%2fq 86ms
246 http fetch GET 200 https://registry.npmjs.org/@types/punycode/-/punycode-2.1.0.tgz 80ms
247 silly pacote tag manifest for @types/punycode@ts3.6 fetched in 149ms
248 http fetch GET 200 https://registry.npmjs.org/@types/q/-/q-1.5.5.tgz 76ms
249 silly pacote tag manifest for @types/q@ts3.6 fetched in 170ms
250 http fetch GET 200 https://registry.npmjs.org/@types%2fqs 63ms
251 http fetch GET 200 https://registry.npmjs.org/@types%2fquerystringify 53ms
252 http fetch GET 200 https://registry.npmjs.org/@types/qs/-/qs-6.9.7.tgz 55ms
253 silly pacote tag manifest for @types/qs@ts3.6 fetched in 126ms
254 http fetch GET 200 https://registry.npmjs.org/@types/querystringify/-/querystringify-2.0.0.tgz 76ms
255 silly pacote tag manifest for @types/querystringify@ts3.6 fetched in 139ms
256 http fetch GET 200 https://registry.npmjs.org/@types%2fraf 49ms
257 http fetch GET 200 https://registry.npmjs.org/@types%2frandombytes 62ms
258 http fetch GET 200 https://registry.npmjs.org/@types/postcss-modules-scope/-/postcss-modules-scope-1.1.2.tgz 1429ms
259 silly pacote tag manifest for @types/postcss-modules-scope@ts3.6 fetched in 1503ms
260 http fetch GET 200 https://registry.npmjs.org/@types/raf/-/raf-3.4.0.tgz 80ms
261 silly pacote tag manifest for @types/raf@ts3.6 fetched in 139ms
262 http fetch GET 200 https://registry.npmjs.org/@types/prelude-ls/-/prelude-ls-1.1.29.tgz 1004ms
263 silly pacote tag manifest for @types/prelude-ls@ts3.6 fetched in 1066ms
264 http fetch GET 200 https://registry.npmjs.org/@types%2frange-parser 63ms
265 http fetch GET 200 https://registry.npmjs.org/@types/randombytes/-/randombytes-2.0.0.tgz 102ms
266 silly pacote tag manifest for @types/randombytes@ts3.6 fetched in 191ms
267 http fetch GET 200 https://registry.npmjs.org/@types%2freact-dev-utils 91ms
268 http fetch GET 200 https://registry.npmjs.org/@types%2freact-is 75ms
269 http fetch GET 200 https://registry.npmjs.org/@types/range-parser/-/range-parser-1.2.4.tgz 58ms
270 silly pacote tag manifest for @types/range-parser@ts3.6 fetched in 130ms
271 http fetch GET 200 https://registry.npmjs.org/@types%2freact-refresh 54ms
272 silly fetchPackageMetaData error for @types/react-refresh@ts3.6 No matching version found for @types/react-refresh@ts3.6.
273 http fetch GET 200 https://registry.npmjs.org/@types/react-dev-utils/-/react-dev-utils-9.0.4.tgz 86ms
274 http fetch GET 200 https://registry.npmjs.org/@types%2freadable-stream 65ms
275 silly pacote tag manifest for @types/react-dev-utils@ts3.6 fetched in 199ms
276 http fetch GET 200 https://registry.npmjs.org/@types%2frecursive-readdir 56ms
277 http fetch GET 200 https://registry.npmjs.org/@types/progress/-/progress-2.0.5.tgz 1135ms
278 silly pacote tag manifest for @types/progress@ts3.6 fetched in 1188ms
279 http fetch GET 200 https://registry.npmjs.org/@types/promise-inflight/-/promise-inflight-1.0.0.tgz 1003ms
280 http fetch GET 200 https://registry.npmjs.org/@types%2fregenerate 55ms
281 silly fetchPackageMetaData error for @types/regenerate@ts3.6 No matching version found for @types/regenerate@ts3.6.
282 silly pacote tag manifest for @types/promise-inflight@ts3.6 fetched in 1067ms
283 http fetch GET 200 https://registry.npmjs.org/@types%2fregenerator-runtime 55ms
284 http fetch GET 200 https://registry.npmjs.org/@types%2frelateurl 60ms
285 http fetch GET 200 https://registry.npmjs.org/@types%2fregex-not 67ms
286 silly fetchPackageMetaData error for @types/regex-not@ts3.6 No matching version found for @types/regex-not@ts3.6.
287 http fetch GET 200 https://registry.npmjs.org/@types%2frepeat-element 58ms
288 http fetch GET 200 https://registry.npmjs.org/@types/react-is/-/react-is-17.0.2.tgz 295ms
289 silly pacote tag manifest for @types/react-is@ts3.6 fetched in 381ms
290 http fetch GET 200 https://registry.npmjs.org/@types/readable-stream/-/readable-stream-2.3.11.tgz 251ms
291 http fetch GET 200 https://registry.npmjs.org/@types/relateurl/-/relateurl-0.2.29.tgz 130ms
292 http fetch GET 200 https://registry.npmjs.org/@types/recursive-readdir/-/recursive-readdir-2.2.0.tgz 100ms
293 http fetch GET 200 https://registry.npmjs.org/@types/proxy-addr/-/proxy-addr-2.0.0.tgz 1026ms
294 silly pacote tag manifest for @types/readable-stream@ts3.6 fetched in 348ms
295 silly pacote tag manifest for @types/relateurl@ts3.6 fetched in 213ms
296 http fetch GET 200 https://registry.npmjs.org/@types%2frepeat-string 71ms
297 silly pacote tag manifest for @types/recursive-readdir@ts3.6 fetched in 340ms
298 silly pacote tag manifest for @types/proxy-addr@ts3.6 fetched in 1114ms
299 http fetch GET 200 https://registry.npmjs.org/@types/psl/-/psl-1.1.0.tgz 986ms
300 silly pacote tag manifest for @types/psl@ts3.6 fetched in 1047ms
301 http fetch GET 200 https://registry.npmjs.org/@types%2frequire-from-string 57ms
302 http fetch GET 200 https://registry.npmjs.org/@types%2frequires-port 61ms
303 http fetch GET 200 https://registry.npmjs.org/@types%2fretry 54ms
304 http fetch GET 200 https://registry.npmjs.org/@types%2frequire-directory 124ms
305 http fetch GET 200 https://registry.npmjs.org/@types/pumpify/-/pumpify-1.4.1.tgz 1008ms
306 silly pacote tag manifest for @types/pumpify@ts3.6 fetched in 1085ms
307 http fetch GET 200 https://registry.npmjs.org/@types/require-directory/-/require-directory-2.1.2.tgz 104ms
308 http fetch GET 200 https://registry.npmjs.org/@types/pump/-/pump-1.1.1.tgz 1134ms
309 silly pacote tag manifest for @types/require-directory@ts3.6 fetched in 239ms
310 silly pacote tag manifest for @types/pump@ts3.6 fetched in 1209ms
311 http fetch GET 200 https://registry.npmjs.org/@types%2fripemd160 60ms
312 http fetch GET 200 https://registry.npmjs.org/@types%2frsvp 63ms
313 http fetch GET 200 https://registry.npmjs.org/@types%2frun-parallel 64ms
314 http fetch GET 200 https://registry.npmjs.org/@types/ripemd160/-/ripemd160-2.0.0.tgz 94ms
315 silly pacote tag manifest for @types/ripemd160@ts3.6 fetched in 168ms
316 http fetch GET 200 https://registry.npmjs.org/@types%2fresolve 393ms
317 http fetch GET 200 https://registry.npmjs.org/@types/retry/-/retry-0.12.1.tgz 350ms
318 http fetch GET 200 https://registry.npmjs.org/@types/run-parallel/-/run-parallel-1.1.0.tgz 147ms
319 http fetch GET 200 https://registry.npmjs.org/@types%2fsafe-regex 93ms
320 silly pacote tag manifest for @types/retry@ts3.6 fetched in 434ms
321 silly pacote tag manifest for @types/run-parallel@ts3.6 fetched in 239ms
322 http fetch GET 200 https://registry.npmjs.org/@types/rsvp/-/rsvp-4.0.4.tgz 120ms
323 silly pacote tag manifest for @types/rsvp@ts3.6 fetched in 267ms
324 http fetch GET 200 https://registry.npmjs.org/@types/resolve/-/resolve-1.20.1.tgz 91ms
325 silly pacote tag manifest for @types/resolve@ts3.6 fetched in 535ms
326 http fetch GET 200 https://registry.npmjs.org/@types%2fsafer-buffer 83ms
327 http fetch GET 200 https://registry.npmjs.org/@types/safe-regex/-/safe-regex-1.1.3.tgz 100ms
328 http fetch GET 200 https://registry.npmjs.org/@types%2fsafe-regex-test 92ms
329 silly fetchPackageMetaData error for @types/safe-regex-test@ts3.6 No matching version found for @types/safe-regex-test@ts3.6.
330 http fetch GET 200 https://registry.npmjs.org/@types%2fsane 69ms
331 silly pacote tag manifest for @types/safe-regex@ts3.6 fetched in 218ms
332 http fetch GET 200 https://registry.npmjs.org/@types%2fsass-loader 59ms
333 http fetch GET 200 https://registry.npmjs.org/@types%2fscheduler 62ms
334 http fetch GET 200 https://registry.npmjs.org/@types%2fsax 77ms
335 http fetch GET 200 https://registry.npmjs.org/@types/sane/-/sane-2.0.1.tgz 102ms
336 silly pacote tag manifest for @types/sane@ts3.6 fetched in 183ms
337 http fetch GET 200 https://registry.npmjs.org/@types/sass-loader/-/sass-loader-8.0.0.tgz 89ms
338 silly pacote tag manifest for @types/sass-loader@ts3.6 fetched in 156ms
339 http fetch GET 200 https://registry.npmjs.org/@types/scheduler/-/scheduler-0.16.2.tgz 97ms
340 http fetch GET 200 https://registry.npmjs.org/@types%2fselfsigned 70ms
341 http fetch GET 200 https://registry.npmjs.org/@types/sax/-/sax-1.2.3.tgz 95ms
342 silly fetchPackageMetaData error for @types/selfsigned@ts3.6 No matching version found for @types/selfsigned@ts3.6.
343 silly pacote tag manifest for @types/scheduler@ts3.6 fetched in 214ms
344 silly pacote tag manifest for @types/sax@ts3.6 fetched in 231ms
345 http fetch GET 200 https://registry.npmjs.org/@types%2fsemver 93ms
346 http fetch GET 200 https://registry.npmjs.org/@types%2fsemver-compare 92ms
347 http fetch GET 200 https://registry.npmjs.org/@types/regenerator-runtime/-/regenerator-runtime-0.13.1.tgz 1046ms
348 http fetch GET 200 https://registry.npmjs.org/@types%2fsend 82ms
349 http fetch GET 200 https://registry.npmjs.org/@types%2fserialize-javascript 77ms
350 silly pacote tag manifest for @types/regenerator-runtime@ts3.6 fetched in 1133ms
351 http fetch GET 200 https://registry.npmjs.org/@types/semver/-/semver-7.3.8.tgz 144ms
352 http fetch GET 200 https://registry.npmjs.org/@types/semver-compare/-/semver-compare-1.0.1.tgz 99ms
353 http fetch GET 200 https://registry.npmjs.org/@types/repeat-element/-/repeat-element-1.1.0.tgz 1061ms
354 http fetch GET 200 https://registry.npmjs.org/@types%2fserve-index 78ms
355 silly pacote tag manifest for @types/semver-compare@ts3.6 fetched in 236ms
356 silly pacote tag manifest for @types/repeat-element@ts3.6 fetched in 1158ms
357 silly pacote tag manifest for @types/semver@ts3.6 fetched in 306ms
358 http fetch GET 200 https://registry.npmjs.org/@types/serialize-javascript/-/serialize-javascript-5.0.1.tgz 147ms
359 http fetch GET 200 https://registry.npmjs.org/@types/require-from-string/-/require-from-string-1.2.1.tgz 985ms
360 silly pacote tag manifest for @types/serialize-javascript@ts3.6 fetched in 253ms
361 silly pacote tag manifest for @types/require-from-string@ts3.6 fetched in 1110ms
362 http fetch GET 200 https://registry.npmjs.org/@types/serve-index/-/serve-index-1.9.1.tgz 132ms
363 http fetch GET 200 https://registry.npmjs.org/@types%2fset-blocking 136ms
364 silly fetchPackageMetaData error for @types/set-blocking@ts3.6 No matching version found for @types/set-blocking@ts3.6.
365 http fetch GET 200 https://registry.npmjs.org/@types%2fserve-static 165ms
366 http fetch GET 200 https://registry.npmjs.org/@types/requires-port/-/requires-port-1.0.0.tgz 1104ms
367 http fetch GET 200 https://registry.npmjs.org/@types%2fset-cookie-parser 178ms
368 http fetch GET 200 https://registry.npmjs.org/@types/repeat-string/-/repeat-string-1.6.1.tgz 1190ms
369 silly pacote tag manifest for @types/serve-index@ts3.6 fetched in 321ms
370 http fetch GET 200 https://registry.npmjs.org/@types%2fset-value 165ms
371 silly pacote tag manifest for @types/requires-port@ts3.6 fetched in 1231ms
372 http fetch GET 200 https://registry.npmjs.org/@types%2fsetimmediate 127ms
373 silly pacote tag manifest for @types/repeat-string@ts3.6 fetched in 1316ms
374 http fetch GET 200 https://registry.npmjs.org/@types%2fsha.js 98ms
375 http fetch GET 200 https://registry.npmjs.org/@types%2fshebang-command 82ms
376 http fetch GET 200 https://registry.npmjs.org/@types/set-cookie-parser/-/set-cookie-parser-2.4.1.tgz 120ms
377 http fetch GET 200 https://registry.npmjs.org/@types%2fshell-quote 86ms
378 http fetch GET 200 https://registry.npmjs.org/@types%2fsignal-exit 80ms
379 http fetch GET 200 https://registry.npmjs.org/@types/setimmediate/-/setimmediate-1.0.2.tgz 113ms
380 silly pacote tag manifest for @types/set-cookie-parser@ts3.6 fetched in 345ms
381 http fetch GET 200 https://registry.npmjs.org/@types/sha.js/-/sha.js-2.4.0.tgz 99ms
382 silly pacote tag manifest for @types/setimmediate@ts3.6 fetched in 262ms
383 silly pacote tag manifest for @types/sha.js@ts3.6 fetched in 222ms
384 http fetch GET 200 https://registry.npmjs.org/@types/shebang-command/-/shebang-command-1.2.0.tgz 108ms
385 http fetch GET 200 https://registry.npmjs.org/@types%2fsimple-swizzle 83ms
386 silly fetchPackageMetaData error for @types/simple-swizzle@ts3.6 No matching version found for @types/simple-swizzle@ts3.6.
387 silly pacote tag manifest for @types/shebang-command@ts3.6 fetched in 232ms
388 http fetch GET 200 https://registry.npmjs.org/@types/shell-quote/-/shell-quote-1.7.1.tgz 125ms
389 http fetch GET 200 https://registry.npmjs.org/@types%2fsockjs 91ms
390 http fetch GET 200 https://registry.npmjs.org/@types%2fsockjs-client 81ms
391 silly pacote tag manifest for @types/shell-quote@ts3.6 fetched in 250ms
392 http fetch GET 200 https://registry.npmjs.org/@types%2fsource-map-support 60ms
393 http fetch GET 200 https://registry.npmjs.org/@types/set-value/-/set-value-4.0.1.tgz 345ms
394 http fetch GET 200 https://registry.npmjs.org/@types/safer-buffer/-/safer-buffer-2.1.0.tgz 1015ms
395 http fetch GET 200 https://registry.npmjs.org/@types/sockjs/-/sockjs-0.3.33.tgz 95ms
396 http fetch GET 200 https://registry.npmjs.org/@types%2fspdx-correct 86ms
397 silly pacote tag manifest for @types/safer-buffer@ts3.6 fetched in 1124ms
398 silly pacote tag manifest for @types/sockjs@ts3.6 fetched in 227ms
399 silly pacote tag manifest for @types/set-value@ts3.6 fetched in 549ms
400 http fetch GET 200 https://registry.npmjs.org/@types/sockjs-client/-/sockjs-client-1.5.1.tgz 118ms
401 http fetch GET 200 https://registry.npmjs.org/@types%2fsource-list-map 168ms
402 http fetch GET 200 https://registry.npmjs.org/@types/source-map-support/-/source-map-support-0.5.4.tgz 116ms
403 silly pacote tag manifest for @types/sockjs-client@ts3.6 fetched in 254ms
404 silly pacote tag manifest for @types/source-map-support@ts3.6 fetched in 220ms
405 http fetch GET 200 https://registry.npmjs.org/@types%2fspdy 92ms
406 http fetch GET 200 https://registry.npmjs.org/@types%2fsprintf 92ms
407 http fetch GET 200 https://registry.npmjs.org/@types%2fspdx-expression-parse 118ms
408 http fetch GET 200 https://registry.npmjs.org/@types%2fsprintf-js 86ms
409 http fetch GET 200 https://registry.npmjs.org/@types%2fssri 79ms
410 http fetch GET 304 https://registry.npmjs.org/@types/source-list-map/-/source-list-map-0.1.2.tgz 188ms (from cache)
411 http fetch GET 200 https://registry.npmjs.org/@types/spdx-expression-parse/-/spdx-expression-parse-3.0.1.tgz 95ms
412 http fetch GET 200 https://registry.npmjs.org/@types/sprintf-js/-/sprintf-js-1.1.2.tgz 87ms
413 silly pacote tag manifest for @types/source-list-map@ts3.6 fetched in 375ms
414 silly pacote tag manifest for @types/spdx-expression-parse@ts3.6 fetched in 240ms
415 silly pacote tag manifest for @types/sprintf-js@ts3.6 fetched in 200ms
416 http fetch GET 200 https://registry.npmjs.org/@types/ssri/-/ssri-7.1.1.tgz 122ms
417 http fetch GET 200 https://registry.npmjs.org/@types/send/-/send-0.17.1.tgz 1004ms
418 silly pacote tag manifest for @types/ssri@ts3.6 fetched in 228ms
419 silly pacote tag manifest for @types/send@ts3.6 fetched in 1141ms
420 http fetch GET 200 https://registry.npmjs.org/@types%2fstatuses 94ms
421 http fetch GET 200 https://registry.npmjs.org/@types%2fstream-each 105ms
422 http fetch GET 200 https://registry.npmjs.org/@types%2fstream-shift 66ms
423 http fetch GET 200 https://registry.npmjs.org/@types%2fstack-utils 164ms
424 http fetch GET 200 https://registry.npmjs.org/@types%2fstrict-uri-encode 54ms
425 http fetch GET 200 https://registry.npmjs.org/@types/statuses/-/statuses-2.0.0.tgz 82ms
426 silly pacote tag manifest for @types/statuses@ts3.6 fetched in 194ms
427 http fetch GET 200 https://registry.npmjs.org/@types/stream-each/-/stream-each-1.2.0.tgz 93ms
428 silly pacote tag manifest for @types/stream-each@ts3.6 fetched in 209ms
429 http fetch GET 200 https://registry.npmjs.org/@types%2fstring-natural-compare 51ms
430 http fetch GET 200 https://registry.npmjs.org/@types/string-natural-compare/-/string-natural-compare-3.0.2.tgz 101ms
431 http fetch GET 200 https://registry.npmjs.org/@types/serve-static/-/serve-static-1.13.10.tgz 998ms
432 silly pacote tag manifest for @types/string-natural-compare@ts3.6 fetched in 161ms
433 silly pacote tag manifest for @types/serve-static@ts3.6 fetched in 1195ms
434 http fetch GET 200 https://registry.npmjs.org/@types%2fstring.prototype.trim 84ms
435 silly fetchPackageMetaData error for @types/string.prototype.trim@ts3.6 No matching version found for @types/string.prototype.trim@ts3.6.
436 http fetch GET 200 https://registry.npmjs.org/@types%2fstringify-object 87ms
437 http fetch GET 200 https://registry.npmjs.org/@types%2fstring.prototype.matchall 248ms
438 http fetch GET 200 https://registry.npmjs.org/@types%2fstrip-comments 51ms
439 http fetch GET 200 https://registry.npmjs.org/@types/signal-exit/-/signal-exit-3.0.1.tgz 1019ms
440 silly pacote tag manifest for @types/signal-exit@ts3.6 fetched in 1117ms
441 http fetch GET 200 https://registry.npmjs.org/@types/stringify-object/-/stringify-object-3.3.1.tgz 88ms
442 silly pacote tag manifest for @types/stringify-object@ts3.6 fetched in 187ms
443 http fetch GET 200 https://registry.npmjs.org/@types%2fsupports-color 58ms
444 http fetch GET 200 https://registry.npmjs.org/@types/strip-comments/-/strip-comments-2.0.1.tgz 100ms
445 http fetch GET 200 https://registry.npmjs.org/@types%2fsvg-parser 57ms
446 silly pacote tag manifest for @types/strip-comments@ts3.6 fetched in 164ms
447 http fetch GET 200 https://registry.npmjs.org/@types%2fsymbol-tree 52ms
448 http fetch GET 200 https://registry.npmjs.org/@types/svg-parser/-/svg-parser-2.0.3.tgz 87ms
449 silly pacote tag manifest for @types/svg-parser@ts3.6 fetched in 154ms
450 http fetch GET 200 https://registry.npmjs.org/@types/symbol-tree/-/symbol-tree-3.2.2.tgz 91ms
451 silly pacote tag manifest for @types/symbol-tree@ts3.6 fetched in 157ms
452 http fetch GET 200 https://registry.npmjs.org/@types%2ftapable 88ms
453 http fetch GET 200 https://registry.npmjs.org/@types%2ftar 66ms
454 http fetch GET 200 https://registry.npmjs.org/@types/spdy/-/spdy-3.4.5.tgz 984ms
455 silly pacote tag manifest for @types/spdy@ts3.6 fetched in 1088ms
456 http fetch GET 200 https://registry.npmjs.org/@types/tapable/-/tapable-2.2.2.tgz 85ms
457 http fetch GET 200 https://registry.npmjs.org/@types/sprintf/-/sprintf-0.1.0.tgz 1018ms
458 silly pacote tag manifest for @types/tapable@ts3.6 fetched in 185ms
459 silly pacote tag manifest for @types/sprintf@ts3.6 fetched in 1124ms
460 http fetch GET 200 https://registry.npmjs.org/@types%2ftest-exclude 58ms
461 silly fetchPackageMetaData error for @types/test-exclude@ts3.6 No matching version found for @types/test-exclude@ts3.6.
462 http fetch GET 200 https://registry.npmjs.org/@types/tar/-/tar-4.0.5.tgz 92ms
463 silly pacote tag manifest for @types/tar@ts3.6 fetched in 188ms
464 http fetch GET 200 https://registry.npmjs.org/@types%2fthrough 84ms
465 http fetch GET 200 https://registry.npmjs.org/@types%2ftext-table 87ms
466 http fetch GET 200 https://registry.npmjs.org/@types%2fthrough2 87ms
467 http fetch GET 200 https://registry.npmjs.org/@types%2fthunky 60ms
468 http fetch GET 200 https://registry.npmjs.org/@types/thunky/-/thunky-1.1.0.tgz 90ms
469 silly pacote tag manifest for @types/thunky@ts3.6 fetched in 189ms
470 http fetch GET 200 https://registry.npmjs.org/@types/text-table/-/text-table-0.2.2.tgz 169ms
471 http fetch GET 200 https://registry.npmjs.org/@types/strict-uri-encode/-/strict-uri-encode-2.0.0.tgz 1016ms
472 silly pacote tag manifest for @types/text-table@ts3.6 fetched in 287ms
473 silly pacote tag manifest for @types/strict-uri-encode@ts3.6 fetched in 1111ms
474 http fetch GET 200 https://registry.npmjs.org/@types%2ftimsort 64ms
475 http fetch GET 200 https://registry.npmjs.org/@types%2ftmp 72ms
476 http fetch GET 200 https://registry.npmjs.org/@types/stream-shift/-/stream-shift-1.0.0.tgz 1140ms
477 http fetch GET 200 https://registry.npmjs.org/@types%2ftmpl 71ms
478 silly fetchPackageMetaData error for @types/tmpl@ts3.6 No matching version found for @types/tmpl@ts3.6.
479 silly pacote tag manifest for @types/stream-shift@ts3.6 fetched in 1225ms
480 http fetch GET 200 https://registry.npmjs.org/@types/timsort/-/timsort-0.3.0.tgz 86ms
481 http fetch GET 200 https://registry.npmjs.org/@types/stack-utils/-/stack-utils-2.0.1.tgz 1159ms
482 silly pacote tag manifest for @types/timsort@ts3.6 fetched in 162ms
483 silly pacote tag manifest for @types/stack-utils@ts3.6 fetched in 1335ms
484 http fetch GET 200 https://registry.npmjs.org/@types%2fto-object-path 51ms
485 silly fetchPackageMetaData error for @types/to-object-path@ts3.6 No matching version found for @types/to-object-path@ts3.6.
486 http fetch GET 200 https://registry.npmjs.org/@types/tmp/-/tmp-0.2.1.tgz 89ms
487 http fetch GET 200 https://registry.npmjs.org/@types%2fto-regex 61ms
488 silly fetchPackageMetaData error for @types/to-regex@ts3.6 No matching version found for @types/to-regex@ts3.6.
489 silly pacote tag manifest for @types/tmp@ts3.6 fetched in 195ms
490 http fetch GET 200 https://registry.npmjs.org/@types%2fto-regex-range 68ms
491 silly fetchPackageMetaData error for @types/to-regex-range@ts3.6 No matching version found for @types/to-regex-range@ts3.6.
492 http fetch GET 200 https://registry.npmjs.org/@types%2ftoidentifier 71ms
493 silly fetchPackageMetaData error for @types/toidentifier@ts3.6 No matching version found for @types/toidentifier@ts3.6.
494 http fetch GET 200 https://registry.npmjs.org/@types%2ftough-cookie 74ms
495 http fetch GET 200 https://registry.npmjs.org/@types%2ftr46 59ms
496 silly fetchPackageMetaData error for @types/tr46@ts3.6 No matching version found for @types/tr46@ts3.6.
497 http fetch GET 200 https://registry.npmjs.org/@types%2ftryer 52ms
498 http fetch GET 200 https://registry.npmjs.org/@types%2ftype-check 53ms
499 http fetch GET 200 https://registry.npmjs.org/@types/string.prototype.matchall/-/string.prototype.matchall-4.0.0.tgz 989ms
500 http fetch GET 200 https://registry.npmjs.org/@types%2ftype-detect 68ms
501 silly pacote tag manifest for @types/string.prototype.matchall@ts3.6 fetched in 1263ms
502 http fetch GET 200 https://registry.npmjs.org/@types/tough-cookie/-/tough-cookie-4.0.1.tgz 79ms
503 silly pacote tag manifest for @types/tough-cookie@ts3.6 fetched in 160ms
504 http fetch GET 200 https://registry.npmjs.org/@types/type-check/-/type-check-0.3.27.tgz 71ms
505 silly pacote tag manifest for @types/type-check@ts3.6 fetched in 130ms
506 http fetch GET 200 https://registry.npmjs.org/@types%2ftypedarray-to-buffer 61ms
507 silly fetchPackageMetaData error for @types/typedarray-to-buffer@ts3.6 No matching version found for @types/typedarray-to-buffer@ts3.6.
508 http fetch GET 200 https://registry.npmjs.org/@types%2funbox-primitive 54ms
509 silly fetchPackageMetaData error for @types/unbox-primitive@ts3.6 No matching version found for @types/unbox-primitive@ts3.6.
510 http fetch GET 200 https://registry.npmjs.org/@types/type-detect/-/type-detect-4.0.1.tgz 92ms
511 silly pacote tag manifest for @types/type-detect@ts3.6 fetched in 167ms
512 http fetch GET 200 https://registry.npmjs.org/@types/supports-color/-/supports-color-8.1.1.tgz 1001ms
513 http fetch GET 200 https://registry.npmjs.org/@types%2funique-slug 51ms
514 silly fetchPackageMetaData error for @types/unique-slug@ts3.6 No matching version found for @types/unique-slug@ts3.6.
515 http fetch GET 200 https://registry.npmjs.org/@types%2ftype-is 182ms
516 silly pacote tag manifest for @types/supports-color@ts3.6 fetched in 1087ms
517 http fetch GET 200 https://registry.npmjs.org/@types%2funiversalify 69ms
518 http fetch GET 200 https://registry.npmjs.org/@types%2funquote 69ms
519 silly fetchPackageMetaData error for @types/unquote@ts3.6 No matching version found for @types/unquote@ts3.6.
520 http fetch GET 200 https://registry.npmjs.org/@types%2furix 74ms
521 http fetch GET 200 https://registry.npmjs.org/@types%2funiq 152ms
522 http fetch GET 200 https://registry.npmjs.org/@types%2furl-parse 86ms
523 http fetch GET 200 https://registry.npmjs.org/@types/type-is/-/type-is-1.6.3.tgz 93ms
524 http fetch GET 200 https://registry.npmjs.org/@types%2futil-deprecate 70ms
525 http fetch GET 200 https://registry.npmjs.org/@types/universalify/-/universalify-1.0.0.tgz 90ms
526 silly pacote tag manifest for @types/type-is@ts3.6 fetched in 299ms
527 http fetch GET 200 https://registry.npmjs.org/@types/spdx-correct/-/spdx-correct-2.0.0.tgz 1987ms
528 silly pacote tag manifest for @types/universalify@ts3.6 fetched in 173ms
529 silly pacote tag manifest for @types/spdx-correct@ts3.6 fetched in 2086ms
530 http fetch GET 200 https://registry.npmjs.org/@types/urix/-/urix-0.1.0.tgz 80ms
531 silly pacote tag manifest for @types/urix@ts3.6 fetched in 166ms
532 http fetch GET 200 https://registry.npmjs.org/@types/uniq/-/uniq-0.0.27.tgz 87ms
533 silly pacote tag manifest for @types/uniq@ts3.6 fetched in 260ms
534 http fetch GET 200 https://registry.npmjs.org/@types%2futil.promisify 61ms
535 http fetch GET 200 https://registry.npmjs.org/@types%2futils-merge 70ms
536 http fetch GET 200 https://registry.npmjs.org/@types%2fuuid 66ms
537 http fetch GET 200 https://registry.npmjs.org/@types%2fvalidate-npm-package-license 60ms
538 http fetch GET 200 https://registry.npmjs.org/@types%2fvary 59ms
539 http fetch GET 200 https://registry.npmjs.org/@types/util.promisify/-/util.promisify-1.0.4.tgz 84ms
540 silly pacote tag manifest for @types/util.promisify@ts3.6 fetched in 157ms
541 http fetch GET 200 https://registry.npmjs.org/@types/uuid/-/uuid-8.3.1.tgz 92ms
542 silly pacote tag manifest for @types/uuid@ts3.6 fetched in 171ms
543 http fetch GET 200 https://registry.npmjs.org/@types/vary/-/vary-1.1.0.tgz 89ms
544 silly pacote tag manifest for @types/vary@ts3.6 fetched in 160ms
545 http fetch GET 200 https://registry.npmjs.org/@types%2fw3c-xmlserializer 67ms
546 http fetch GET 200 https://registry.npmjs.org/@types/through/-/through-0.0.30.tgz 1027ms
547 http fetch GET 200 https://registry.npmjs.org/@types%2fwatchpack 65ms
548 silly pacote tag manifest for @types/through@ts3.6 fetched in 1131ms
549 http fetch GET 200 https://registry.npmjs.org/@types/through2/-/through2-2.0.36.tgz 1019ms
550 silly pacote tag manifest for @types/through2@ts3.6 fetched in 1117ms
551 http fetch GET 200 https://registry.npmjs.org/@types/w3c-xmlserializer/-/w3c-xmlserializer-2.0.2.tgz 80ms
552 silly pacote tag manifest for @types/w3c-xmlserializer@ts3.6 fetched in 157ms
553 http fetch GET 200 https://registry.npmjs.org/@types%2fwcwidth 53ms
554 http fetch GET 200 https://registry.npmjs.org/@types%2fwebidl-conversions 64ms
555 http fetch GET 200 https://registry.npmjs.org/@types/watchpack/-/watchpack-1.1.5.tgz 88ms
556 silly pacote tag manifest for @types/watchpack@ts3.6 fetched in 166ms
557 http fetch GET 200 https://registry.npmjs.org/@types%2fwebpack-manifest-plugin 55ms
558 http fetch GET 200 https://registry.npmjs.org/@types%2fw3c-hr-time 308ms
559 http fetch GET 200 https://registry.npmjs.org/@types/webpack-manifest-plugin/-/webpack-manifest-plugin-3.0.3.tgz 73ms
560 silly pacote tag manifest for @types/webpack-manifest-plugin@ts3.6 fetched in 134ms
561 http fetch GET 200 https://registry.npmjs.org/@types/w3c-hr-time/-/w3c-hr-time-1.0.0.tgz 122ms
562 silly pacote tag manifest for @types/w3c-hr-time@ts3.6 fetched in 436ms
563 http fetch GET 200 https://registry.npmjs.org/@types%2fwhatwg-encoding 76ms
564 http fetch GET 200 https://registry.npmjs.org/@types/whatwg-encoding/-/whatwg-encoding-1.0.0.tgz 144ms
565 silly pacote tag manifest for @types/whatwg-encoding@ts3.6 fetched in 248ms
566 http fetch GET 200 https://registry.npmjs.org/@types%2fwebpack 518ms
567 http fetch GET 200 https://registry.npmjs.org/@types%2fwhatwg-mimetype 56ms
568 http fetch GET 200 https://registry.npmjs.org/@types%2fwebpack-sources 388ms
569 http fetch GET 200 https://registry.npmjs.org/@types/url-parse/-/url-parse-1.4.4.tgz 1013ms
570 silly pacote tag manifest for @types/url-parse@ts3.6 fetched in 1111ms
571 http fetch GET 200 https://registry.npmjs.org/@types%2fwhatwg-url 60ms
572 http fetch GET 200 https://registry.npmjs.org/@types/utils-merge/-/utils-merge-0.0.28.tgz 997ms
573 silly pacote tag manifest for @types/utils-merge@ts3.6 fetched in 1107ms
574 http fetch GET 200 https://registry.npmjs.org/@types%2fwhich 57ms
575 http fetch GET 200 https://registry.npmjs.org/@types/validate-npm-package-license/-/validate-npm-package-license-3.0.1.tgz 1136ms
576 silly pacote tag manifest for @types/validate-npm-package-license@ts3.6 fetched in 1210ms
577 http fetch GET 200 https://registry.npmjs.org/@types%2fwhich-boxed-primitive 47ms
578 silly fetchPackageMetaData error for @types/which-boxed-primitive@ts3.6 No matching version found for @types/which-boxed-primitive@ts3.6.
579 http fetch GET 200 https://registry.npmjs.org/@types%2fwhich-pm-runs 56ms
580 http fetch GET 200 https://registry.npmjs.org/@types/wcwidth/-/wcwidth-1.0.0.tgz 989ms
581 silly pacote tag manifest for @types/wcwidth@ts3.6 fetched in 1058ms
582 http fetch GET 200 https://registry.npmjs.org/@types%2fworkbox-sw 60ms
583 http fetch GET 200 https://registry.npmjs.org/@types/which-pm-runs/-/which-pm-runs-1.0.0.tgz 136ms
584 silly pacote tag manifest for @types/which-pm-runs@ts3.6 fetched in 200ms
585 http fetch GET 200 https://registry.npmjs.org/@types%2fwrite-file-atomic 49ms
586 http fetch GET 200 https://registry.npmjs.org/@types/webidl-conversions/-/webidl-conversions-6.1.1.tgz 1191ms
587 silly pacote tag manifest for @types/webidl-conversions@ts3.6 fetched in 1264ms
588 http fetch GET 200 https://registry.npmjs.org/@types/write-file-atomic/-/write-file-atomic-3.0.2.tgz 82ms
589 silly pacote tag manifest for @types/write-file-atomic@ts3.6 fetched in 147ms
590 http fetch GET 200 https://registry.npmjs.org/@types%2fws 71ms
591 http fetch GET 200 https://registry.npmjs.org/@types/tryer/-/tryer-1.0.2.tgz 1956ms
592 silly pacote tag manifest for @types/tryer@ts3.6 fetched in 2021ms
593 http fetch GET 200 https://registry.npmjs.org/@types%2fxml-name-validator 58ms
594 silly fetchPackageMetaData error for @types/xml-name-validator@ts3.6 No matching version found for @types/xml-name-validator@ts3.6.
595 http fetch GET 200 https://registry.npmjs.org/@types%2fxtend 65ms
596 http fetch GET 200 https://registry.npmjs.org/@types%2fyallist 79ms
597 http fetch GET 200 https://registry.npmjs.org/@types/ws/-/ws-7.4.7.tgz 122ms
598 silly pacote tag manifest for @types/ws@ts3.6 fetched in 228ms
599 http fetch GET 200 https://registry.npmjs.org/@types/util-deprecate/-/util-deprecate-1.0.0.tgz 2113ms
600 http fetch GET 200 https://registry.npmjs.org/@types/webpack/-/webpack-4.41.26.tgz 1237ms
601 http fetch GET 200 https://registry.npmjs.org/@types/whatwg-url/-/whatwg-url-8.2.1.tgz 1048ms
602 silly pacote tag manifest for @types/util-deprecate@ts3.6 fetched in 2268ms
603 silly pacote tag manifest for @types/webpack@ts3.6 fetched in 1851ms
604 silly pacote tag manifest for @types/whatwg-url@ts3.6 fetched in 1189ms
605 http fetch GET 200 https://registry.npmjs.org/@types/webpack-sources/-/webpack-sources-3.2.0.tgz 1265ms
606 http fetch GET 200 https://registry.npmjs.org/@types/whatwg-mimetype/-/whatwg-mimetype-2.1.1.tgz 1287ms
607 http fetch GET 200 https://registry.npmjs.org/@types/which/-/which-2.0.1.tgz 1025ms
608 silly pacote tag manifest for @types/webpack-sources@ts3.6 fetched in 1680ms
609 silly pacote tag manifest for @types/whatwg-mimetype@ts3.6 fetched in 1361ms
610 silly pacote tag manifest for @types/which@ts3.6 fetched in 1092ms
611 http fetch GET 200 https://registry.npmjs.org/@types%2fyargs 421ms
612 http fetch GET 200 https://registry.npmjs.org/@types/workbox-sw/-/workbox-sw-4.3.2.tgz 1079ms
613 silly pacote tag manifest for @types/workbox-sw@ts3.6 fetched in 1150ms
614 http fetch GET 200 https://registry.npmjs.org/@types%2fyargs-parser 383ms
615 http fetch GET 200 https://registry.npmjs.org/@types/xtend/-/xtend-4.0.3.tgz 1034ms
616 silly pacote tag manifest for @types/xtend@ts3.6 fetched in 1115ms
617 http fetch GET 200 https://registry.npmjs.org/@types/yallist/-/yallist-4.0.1.tgz 1224ms
618 silly pacote tag manifest for @types/yallist@ts3.6 fetched in 1320ms
619 http fetch GET 200 https://registry.npmjs.org/@types/yargs/-/yargs-17.0.2.tgz 1052ms
620 silly pacote tag manifest for @types/yargs@ts3.6 fetched in 1488ms
621 http fetch GET 304 https://registry.npmjs.org/@types/yargs-parser/-/yargs-parser-20.2.1.tgz 1426ms (from cache)
622 silly pacote tag manifest for @types/yargs-parser@ts3.6 fetched in 1823ms
623 timing stage:rollbackFailedOptional Completed in 1ms
624 timing stage:runTopLevelLifecycles Completed in 13984ms
625 verbose type tag
626 verbose stack @types/makeerror: No matching version found for @types/makeerror@ts3.6.
626 verbose stack     at pickManifest (/usr/local/lib/node_modules/npm/node_modules/npm-pick-manifest/index.js:122:13)
626 verbose stack     at /usr/local/lib/node_modules/npm/node_modules/pacote/lib/fetchers/registry/manifest.js:24:14
626 verbose stack     at tryCatcher (/usr/local/lib/node_modules/npm/node_modules/bluebird/js/release/util.js:16:23)
626 verbose stack     at Promise._settlePromiseFromHandler (/usr/local/lib/node_modules/npm/node_modules/bluebird/js/release/promise.js:517:31)
626 verbose stack     at Promise._settlePromise (/usr/local/lib/node_modules/npm/node_modules/bluebird/js/release/promise.js:574:18)
626 verbose stack     at Promise._settlePromise0 (/usr/local/lib/node_modules/npm/node_modules/bluebird/js/release/promise.js:619:10)
626 verbose stack     at Promise._settlePromises (/usr/local/lib/node_modules/npm/node_modules/bluebird/js/release/promise.js:699:18)
626 verbose stack     at _drainQueueStep (/usr/local/lib/node_modules/npm/node_modules/bluebird/js/release/async.js:138:12)
626 verbose stack     at _drainQueue (/usr/local/lib/node_modules/npm/node_modules/bluebird/js/release/async.js:131:9)
626 verbose stack     at Async._drainQueues (/usr/local/lib/node_modules/npm/node_modules/bluebird/js/release/async.js:147:5)
626 verbose stack     at Immediate.Async.drainQueues [as _onImmediate] (/usr/local/lib/node_modules/npm/node_modules/bluebird/js/release/async.js:17:14)
626 verbose stack     at processImmediate (internal/timers.js:456:21)
627 verbose cwd /home/theia/.cache/typescript/3.6
628 verbose Linux 5.15.146.1-microsoft-standard-WSL2
629 verbose argv "/usr/local/bin/node" "/usr/local/bin/npm" "install" "--ignore-scripts" "@types/loader-utils@ts3.6" "@types/lodash@ts3.6" "@types/lodash.debounce@ts3.6" "@types/lodash.memoize@ts3.6" "@types/lodash.merge@ts3.6" "@types/lodash.template@ts3.6" "@types/lodash.truncate@ts3.6" "@types/lodash.uniq@ts3.6" "@types/makeerror@ts3.6" "@types/media-typer@ts3.6" "@types/memory-fs@ts3.6" "@types/memorystream@ts3.6" "@types/merge-descriptors@ts3.6" "@types/merge-stream@ts3.6" "@types/merge2@ts3.6" "@types/methods@ts3.6" "@types/micromatch@ts3.6" "@types/mime@ts3.6" "@types/mime-db@ts3.6" "@types/mime-types@ts3.6" "@types/min-indent@ts3.6" "@types/minimalistic-assert@ts3.6" "@types/minimist@ts3.6" "@types/minizlib@ts3.6" "@types/move-concurrently@ts3.6" "@types/ms@ts3.6" "@types/multicast-dns@ts3.6" "@types/mute-stream@ts3.6" "@types/natural-compare@ts3.6" "@types/negotiator@ts3.6" "@types/neo-async@ts3.6" "@types/next-tick@ts3.6" "@types/nice-try@ts3.6" "@types/node-fetch@ts3.6" "@types/node-forge@ts3.6" "@types/node-int64@ts3.6" "@types/node-notifier@ts3.6" "@types/normalize-package-data@ts3.6" "@types/normalize-path@ts3.6" "@types/num2fraction@ts3.6" "@types/nwsapi@ts3.6" "@types/object-assign@ts3.6" "@types/object-inspect@ts3.6" "@types/object-keys@ts3.6" "@types/object.assign@ts3.6" "@types/object.entries@ts3.6" "@types/object.fromentries@ts3.6" "@types/object.getownpropertydescriptors@ts3.6" "@types/object.pick@ts3.6" "@types/on-finished@ts3.6" "@types/on-headers@ts3.6" "@types/once@ts3.6" "@types/optimize-css-assets-webpack-plugin@ts3.6" "@types/os-tmpdir@ts3.6" "@types/pako@ts3.6" "@types/parallel-transform@ts3.6" "@types/parse-json@ts3.6" "@types/parseurl@ts3.6" "@types/pascalcase@ts3.6" "@types/path-browserify@ts3.6" "@types/path-is-absolute@ts3.6" "@types/path-is-inside@ts3.6" "@types/path-parse@ts3.6" "@types/pbkdf2@ts3.6" "@types/picomatch@ts3.6" "@types/pify@ts3.6" "@types/postcss-color-gray@ts3.6" "@types/postcss-flexbugs-fixes@ts3.6" "@types/postcss-font-variant@ts3.6" "@types/postcss-gap-properties@ts3.6" "@types/postcss-modules-extract-imports@ts3.6" "@types/postcss-modules-local-by-default@ts3.6" "@types/postcss-modules-scope@ts3.6" "@types/postcss-modules-values@ts3.6" "@types/postcss-normalize@ts3.6" "@types/postcss-page-break@ts3.6" "@types/postcss-safe-parser@ts3.6" "@types/prelude-ls@ts3.6" "@types/prettier-linter-helpers@ts3.6" "@types/progress@ts3.6" "@types/promise-inflight@ts3.6" "@types/prompts@ts3.6" "@types/prop-types@ts3.6" "@types/proxy-addr@ts3.6" "@types/psl@ts3.6" "@types/pump@ts3.6" "@types/pumpify@ts3.6" "@types/punycode@ts3.6" "@types/q@ts3.6" "@types/qs@ts3.6" "@types/querystringify@ts3.6" "@types/raf@ts3.6" "@types/randombytes@ts3.6" "@types/range-parser@ts3.6" "@types/react-dev-utils@ts3.6" "@types/react-is@ts3.6" "@types/react-refresh@ts3.6" "@types/readable-stream@ts3.6" "@types/recursive-readdir@ts3.6" "@types/regenerate@ts3.6" "@types/regenerator-runtime@ts3.6" "@types/regex-not@ts3.6" "@types/relateurl@ts3.6" "@types/repeat-element@ts3.6" "@types/repeat-string@ts3.6" "@types/require-directory@ts3.6" "@types/require-from-string@ts3.6" "@types/requires-port@ts3.6" "@types/resolve@ts3.6" "@types/retry@ts3.6" "@types/ripemd160@ts3.6" "@types/rsvp@ts3.6" "@types/run-parallel@ts3.6" "@types/safe-regex@ts3.6" "@types/safe-regex-test@ts3.6" "@types/safer-buffer@ts3.6" "@types/sane@ts3.6" "@types/sass-loader@ts3.6" "@types/sax@ts3.6" "@types/scheduler@ts3.6" "@types/selfsigned@ts3.6" "@types/semver@ts3.6" "@types/semver-compare@ts3.6" "@types/send@ts3.6" "@types/serialize-javascript@ts3.6" "@types/serve-index@ts3.6" "@types/serve-static@ts3.6" "@types/set-blocking@ts3.6" "@types/set-cookie-parser@ts3.6" "@types/set-value@ts3.6" "@types/setimmediate@ts3.6" "@types/sha.js@ts3.6" "@types/shebang-command@ts3.6" "@types/shell-quote@ts3.6" "@types/signal-exit@ts3.6" "@types/simple-swizzle@ts3.6" "@types/sockjs@ts3.6" "@types/sockjs-client@ts3.6" "@types/source-list-map@ts3.6" "@types/source-map-support@ts3.6" "@types/spdx-correct@ts3.6" "@types/spdx-expression-parse@ts3.6" "@types/spdy@ts3.6" "@types/sprintf@ts3.6" "@types/sprintf-js@ts3.6" "@types/ssri@ts3.6" "@types/stack-utils@ts3.6" "@types/statuses@ts3.6" "@types/stream-each@ts3.6" "@types/stream-shift@ts3.6" "@types/strict-uri-encode@ts3.6" "@types/string-natural-compare@ts3.6" "@types/string.prototype.matchall@ts3.6" "@types/string.prototype.trim@ts3.6" "@types/stringify-object@ts3.6" "@types/strip-comments@ts3.6" "@types/supports-color@ts3.6" "@types/svg-parser@ts3.6" "@types/symbol-tree@ts3.6" "@types/tapable@ts3.6" "@types/tar@ts3.6" "@types/test-exclude@ts3.6" "@types/text-table@ts3.6" "@types/through@ts3.6" "@types/through2@ts3.6" "@types/thunky@ts3.6" "@types/timsort@ts3.6" "@types/tmp@ts3.6" "@types/tmpl@ts3.6" "@types/to-object-path@ts3.6" "@types/to-regex@ts3.6" "@types/to-regex-range@ts3.6" "@types/toidentifier@ts3.6" "@types/tough-cookie@ts3.6" "@types/tr46@ts3.6" "@types/tryer@ts3.6" "@types/type-check@ts3.6" "@types/type-detect@ts3.6" "@types/type-is@ts3.6" "@types/typedarray-to-buffer@ts3.6" "@types/unbox-primitive@ts3.6" "@types/uniq@ts3.6" "@types/unique-slug@ts3.6" "@types/universalify@ts3.6" "@types/unquote@ts3.6" "@types/urix@ts3.6" "@types/url-parse@ts3.6" "@types/util-deprecate@ts3.6" "@types/util.promisify@ts3.6" "@types/utils-merge@ts3.6" "@types/uuid@ts3.6" "@types/validate-npm-package-license@ts3.6" "@types/vary@ts3.6" "@types/w3c-hr-time@ts3.6" "@types/w3c-xmlserializer@ts3.6" "@types/watchpack@ts3.6" "@types/wcwidth@ts3.6" "@types/webidl-conversions@ts3.6" "@types/webpack@ts3.6" "@types/webpack-manifest-plugin@ts3.6" "@types/webpack-sources@ts3.6" "@types/whatwg-encoding@ts3.6" "@types/whatwg-mimetype@ts3.6" "@types/whatwg-url@ts3.6" "@types/which@ts3.6" "@types/which-boxed-primitive@ts3.6" "@types/which-pm-runs@ts3.6" "@types/workbox-sw@ts3.6" "@types/write-file-atomic@ts3.6" "@types/ws@ts3.6" "@types/xml-name-validator@ts3.6" "@types/xtend@ts3.6" "@types/yallist@ts3.6" "@types/yargs@ts3.6" "@types/yargs-parser@ts3.6" "--save-dev" "--user-agent=typesInstaller/3.6.3"
630 verbose node v12.18.3
631 verbose npm  v6.14.6
632 error code ETARGET
633 error notarget No matching version found for @types/makeerror@ts3.6.
634 error notarget In most cases you or one of your dependencies are requesting
634 error notarget a package version that doesn't exist.
635 verbose exit [ 1, true ]
