0 info it worked if it ends with ok
1 verbose cli [
1 verbose cli   '/usr/local/bin/node',
1 verbose cli   '/usr/local/bin/npm',
1 verbose cli   'install',
1 verbose cli   '--ignore-scripts',
1 verbose cli   '@types/js-cookie@ts3.6',
1 verbose cli   '@types/react@ts3.6',
1 verbose cli   '@types/react-dom@ts3.6',
1 verbose cli   '@types/eslint-config-prettier@ts3.6',
1 verbose cli   '@types/eslint-plugin-prettier@ts3.6',
1 verbose cli   '@types/lint-staged@ts3.6',
1 verbose cli   '--save-dev',
1 verbose cli   '--user-agent=typesInstaller/3.6.3'
1 verbose cli ]
2 info using npm@6.14.6
3 info using node@v12.18.3
4 verbose npm-session bfb0e58b2b789d0d
5 silly install loadCurrentTree
6 silly install readLocalPackageData
7 http fetch GET 200 https://registry.npmjs.org/@types%2flint-staged 418ms
8 silly fetchPackageMetaData error for @types/lint-staged@ts3.6 No matching version found for @types/lint-staged@ts3.6.
9 http fetch GET 304 https://registry.npmjs.org/@types%2feslint-plugin-prettier 435ms (from cache)
10 http fetch GET 304 https://registry.npmjs.org/@types%2fjs-cookie 449ms (from cache)
11 silly pacote tag manifest for @types/eslint-plugin-prettier@ts3.6 fetched in 450ms
12 http fetch GET 304 https://registry.npmjs.org/@types%2freact-dom 456ms (from cache)
13 silly pacote tag manifest for @types/js-cookie@ts3.6 fetched in 476ms
14 silly pacote tag manifest for @types/react-dom@ts3.6 fetched in 465ms
15 http fetch GET 304 https://registry.npmjs.org/@types%2freact 471ms (from cache)
16 silly pacote tag manifest for @types/react@ts3.6 fetched in 484ms
17 http fetch GET 304 https://registry.npmjs.org/@types%2feslint-config-prettier 484ms (from cache)
18 silly pacote tag manifest for @types/eslint-config-prettier@ts3.6 fetched in 491ms
19 timing stage:rollbackFailedOptional Completed in 2ms
20 timing stage:runTopLevelLifecycles Completed in 563ms
21 verbose type tag
22 verbose stack @types/lint-staged: No matching version found for @types/lint-staged@ts3.6.
22 verbose stack     at pickManifest (/usr/local/lib/node_modules/npm/node_modules/npm-pick-manifest/index.js:122:13)
22 verbose stack     at /usr/local/lib/node_modules/npm/node_modules/pacote/lib/fetchers/registry/manifest.js:24:14
22 verbose stack     at tryCatcher (/usr/local/lib/node_modules/npm/node_modules/bluebird/js/release/util.js:16:23)
22 verbose stack     at Promise._settlePromiseFromHandler (/usr/local/lib/node_modules/npm/node_modules/bluebird/js/release/promise.js:517:31)
22 verbose stack     at Promise._settlePromise (/usr/local/lib/node_modules/npm/node_modules/bluebird/js/release/promise.js:574:18)
22 verbose stack     at Promise._settlePromise0 (/usr/local/lib/node_modules/npm/node_modules/bluebird/js/release/promise.js:619:10)
22 verbose stack     at Promise._settlePromises (/usr/local/lib/node_modules/npm/node_modules/bluebird/js/release/promise.js:699:18)
22 verbose stack     at _drainQueueStep (/usr/local/lib/node_modules/npm/node_modules/bluebird/js/release/async.js:138:12)
22 verbose stack     at _drainQueue (/usr/local/lib/node_modules/npm/node_modules/bluebird/js/release/async.js:131:9)
22 verbose stack     at Async._drainQueues (/usr/local/lib/node_modules/npm/node_modules/bluebird/js/release/async.js:147:5)
22 verbose stack     at Immediate.Async.drainQueues [as _onImmediate] (/usr/local/lib/node_modules/npm/node_modules/bluebird/js/release/async.js:17:14)
22 verbose stack     at processImmediate (internal/timers.js:456:21)
23 verbose cwd /home/theia/.cache/typescript/3.6
24 verbose Linux 5.15.146.1-microsoft-standard-WSL2
25 verbose argv "/usr/local/bin/node" "/usr/local/bin/npm" "install" "--ignore-scripts" "@types/js-cookie@ts3.6" "@types/react@ts3.6" "@types/react-dom@ts3.6" "@types/eslint-config-prettier@ts3.6" "@types/eslint-plugin-prettier@ts3.6" "@types/lint-staged@ts3.6" "--save-dev" "--user-agent=typesInstaller/3.6.3"
26 verbose node v12.18.3
27 verbose npm  v6.14.6
28 error code ETARGET
29 error notarget No matching version found for @types/lint-staged@ts3.6.
30 error notarget In most cases you or one of your dependencies are requesting
30 error notarget a package version that doesn't exist.
31 verbose exit [ 1, true ]
